<?xml version="1.0" encoding="UTF-8"?>
<!-- Generated by org.testng.reporters.JUnitXMLReporter -->
<testsuite ignored="0" hostname="DESKTOP-J4JC96B" failures="5" tests="33" name="Test" time="47.94" errors="0" timestamp="21 Jun 2019 17:35:24 GMT">
  <testcase classname="com.employeeapitestcases.TC001_GET_All_Employees" name="checkContentType" time="0.005"/>
  <testcase classname="com.employeeapitestcases.TC001_GET_All_Employees" name="checkResponseBody" time="0.02"/>
  <testcase classname="com.employeeapitestcases.TC001_GET_All_Employees" name="checkResponseTime" time="0.001"/>
  <testcase classname="com.employeeapitestcases.TC001_GET_All_Employees" name="checkstatusLine" time="0.001"/>
  <testcase classname="com.employeeapitestcases.TC001_GET_All_Employees" name="checkstatuscode" time="0.002"/>
  <testcase classname="com.employeeapitestcases.TC002_GET_single_Employee_Record" name="checkContentLength" time="0.002"/>
  <testcase classname="com.employeeapitestcases.TC002_GET_single_Employee_Record" name="checkContentType" time="0.001"/>
  <testcase classname="com.employeeapitestcases.TC002_GET_single_Employee_Record" name="checkResponseBody" time="0.003">
    <failure type="java.lang.AssertionError" message="expected:&amp;lt;false&amp;gt; but was:&amp;lt;true&amp;gt;">
      <![CDATA[java.lang.AssertionError: expected:<false> but was:<true>
at org.junit.Assert.fail(Assert.java:93)
at org.junit.Assert.failNotEquals(Assert.java:647)
at org.junit.Assert.assertEquals(Assert.java:128)
at org.junit.Assert.assertEquals(Assert.java:147)
at com.employeeapitestcases.TC002_GET_single_Employee_Record.checkResponseBody(TC002_GET_single_Employee_Record.java:31)
... Removed 25 stack frames]]>
    </failure>
  </testcase> <!-- checkResponseBody -->
  <testcase classname="com.employeeapitestcases.TC002_GET_single_Employee_Record" name="checkResponseTime" time="0.002">
    <failure type="java.lang.AssertionError">
      <![CDATA[java.lang.AssertionError
at org.junit.Assert.fail(Assert.java:92)
at org.junit.Assert.assertTrue(Assert.java:43)
at org.junit.Assert.assertTrue(Assert.java:54)
at com.employeeapitestcases.TC002_GET_single_Employee_Record.checkResponseTime(TC002_GET_single_Employee_Record.java:46)
... Removed 25 stack frames]]>
    </failure>
  </testcase> <!-- checkResponseTime -->
  <testcase classname="com.employeeapitestcases.TC002_GET_single_Employee_Record" name="checkserverType" time="0.002"/>
  <testcase classname="com.employeeapitestcases.TC002_GET_single_Employee_Record" name="checkstatusLine" time="0.001"/>
  <testcase classname="com.employeeapitestcases.TC002_GET_single_Employee_Record" name="checkstatuscode" time="0.001"/>
  <testcase classname="com.employeeapitestcases.TC003_POST_Employee_Record" name="checkContentEncoding" time="0.005"/>
  <testcase classname="com.employeeapitestcases.TC003_POST_Employee_Record" name="checkContentType" time="0.002"/>
  <testcase classname="com.employeeapitestcases.TC003_POST_Employee_Record" name="checkResponseBody" time="0.004">
    <failure type="java.lang.AssertionError" message="expected [true] but found [false]">
      <![CDATA[java.lang.AssertionError: expected [true] but found [false]
at com.employeeapitestcases.TC003_POST_Employee_Record.checkResponseBody(TC003_POST_Employee_Record.java:55)
... Removed 31 stack frames]]>
    </failure>
  </testcase> <!-- checkResponseBody -->
  <testcase classname="com.employeeapitestcases.TC003_POST_Employee_Record" name="checkResponseTime" time="0.002"/>
  <testcase classname="com.employeeapitestcases.TC003_POST_Employee_Record" name="checkserverType" time="0.001"/>
  <testcase classname="com.employeeapitestcases.TC003_POST_Employee_Record" name="checkstatusLine" time="0.002"/>
  <testcase classname="com.employeeapitestcases.TC003_POST_Employee_Record" name="checkstatuscode" time="0.001"/>
  <testcase classname="com.employeeapitestcases.TC004_PUT_Employee_Record" name="checkContentEncoding" time="0.002"/>
  <testcase classname="com.employeeapitestcases.TC004_PUT_Employee_Record" name="checkContentType" time="0.001"/>
  <testcase classname="com.employeeapitestcases.TC004_PUT_Employee_Record" name="checkResponseBody" time="0.003">
    <failure type="java.lang.AssertionError" message="expected [true] but found [false]">
      <![CDATA[java.lang.AssertionError: expected [true] but found [false]
at com.employeeapitestcases.TC004_PUT_Employee_Record.checkResponseBody(TC004_PUT_Employee_Record.java:52)
... Removed 31 stack frames]]>
    </failure>
  </testcase> <!-- checkResponseBody -->
  <testcase classname="com.employeeapitestcases.TC004_PUT_Employee_Record" name="checkResponseTime" time="0.002"/>
  <testcase classname="com.employeeapitestcases.TC004_PUT_Employee_Record" name="checkserverType" time="0.002"/>
  <testcase classname="com.employeeapitestcases.TC004_PUT_Employee_Record" name="checkstatusLine" time="0.001"/>
  <testcase classname="com.employeeapitestcases.TC004_PUT_Employee_Record" name="checkstatuscode" time="0.001"/>
  <testcase classname="com.employeeapitestcases.TC005_DELETE_Employee_Record" name="checkContentEncoding" time="0.002"/>
  <testcase classname="com.employeeapitestcases.TC005_DELETE_Employee_Record" name="checkContentType" time="0.0"/>
  <testcase classname="com.employeeapitestcases.TC005_DELETE_Employee_Record" name="checkResponseBody" time="0.001">
    <failure type="java.lang.AssertionError" message="expected [true] but found [false]">
      <![CDATA[java.lang.AssertionError: expected [true] but found [false]
at com.employeeapitestcases.TC005_DELETE_Employee_Record.checkResponseBody(TC005_DELETE_Employee_Record.java:50)
... Removed 31 stack frames]]>
    </failure>
  </testcase> <!-- checkResponseBody -->
  <testcase classname="com.employeeapitestcases.TC005_DELETE_Employee_Record" name="checkResponseTime" time="0.0"/>
  <testcase classname="com.employeeapitestcases.TC005_DELETE_Employee_Record" name="checkserverType" time="0.0"/>
  <testcase classname="com.employeeapitestcases.TC005_DELETE_Employee_Record" name="checkstatusLine" time="0.0"/>
  <testcase classname="com.employeeapitestcases.TC005_DELETE_Employee_Record" name="checkstatuscode" time="0.001"/>
</testsuite> <!-- Test -->
